# JRE version: OpenJDK Runtime Environment Temurin-21.0.12.1+1 (21.0.12.1+1) (build 21.0.12.1+1-LTS)
# Java VM: OpenJDK 64-Bit Server VM Temurin-21.0.12.1+1 (21.0.12.1+1-LTS, mixed mode, sharing, tiered, compressed class ptrs, parallel gc, windows-amd64)
GC Precious Log:
 CardTable entry size: 512
 CPUs: 12 total, 12 available
 Memory: 16016M
 Large Page Support: Disabled
 NUMA Support: Disabled
 Compressed Oops: Disabled
 Alignments: Space 512K, Generation 512K, Heap 2M
 Heap Min Capacity: 100M
 Heap Initial Capacity: 100M
 Heap Max Capacity: 32G
 Pre-touch: Disabled
 Parallel Workers: 10
Heap:
 PSYoungGen      total 3584K, used 1974K [0x0000027354d80000, 0x0000027355200000, 0x00000275ff800000)
  eden space 3072K, 52% used [0x0000027354d80000,0x0000027354f15840,0x0000027355080000)
  from space 512K, 68% used [0x0000027355180000,0x00000273551d8000,0x0000027355200000)
  to   space 512K, 0% used [0x0000027355100000,0x0000027355100000,0x0000027355180000)
 ParOldGen       total 805376K, used 805322K [0x0000026dff800000, 0x0000026e30a80000, 0x0000027354d80000)
  object space 805376K, 99% used [0x0000026dff800000,0x0000026e30a72830,0x0000026e30a80000)
 Metaspace       used 77050K, committed 78656K, reserved 1179648K
  class space    used 7577K, committed 8256K, reserved 1048576K
GC Heap History (20 events):
Event: 204.114 GC heap before
{Heap before GC invocations=3129 (full 5):
 PSYoungGen      total 3584K, used 3392K [0x0000027354d80000, 0x0000027355200000, 0x00000275ff800000)
  eden space 3072K, 100% used [0x0000027354d80000,0x0000027355080000,0x0000027355080000)
  from space 512K, 62% used [0x0000027355100000,0x0000027355150000,0x0000027355180000)
  to   space 512K, 0% used [0x0000027355180000,0x0000027355180000,0x0000027355200000)
 ParOldGen       total 803840K, used 803732K [0x0000026dff800000, 0x0000026e30900000, 0x0000027354d80000)
  object space 803840K, 99% used [0x0000026dff800000,0x0000026e308e51e8,0x0000026e30900000)
 Metaspace       used 77050K, committed 78656K, reserved 1179648K
  class space    used 7577K, committed 8256K, reserved 1048576K
}
Event: 204.117 GC heap after
{Heap after GC invocations=3129 (full 5):
 PSYoungGen      total 3584K, used 288K [0x0000027354d80000, 0x0000027355200000, 0x00000275ff800000)
  eden space 3072K, 0% used [0x0000027354d80000,0x0000027354d80000,0x0000027355080000)
  from space 512K, 56% used [0x0000027355180000,0x00000273551c8000,0x0000027355200000)
  to   space 512K, 0% used [0x0000027355100000,0x0000027355100000,0x0000027355180000)
 ParOldGen       total 804352K, used 803843K [0x0000026dff800000, 0x0000026e30980000, 0x0000027354d80000)
  object space 804352K, 99% used [0x0000026dff800000,0x0000026e30900c50,0x0000026e30980000)
 Metaspace       used 77050K, committed 78656K, reserved 1179648K
  class space    used 7577K, committed 8256K, reserved 1048576K
}
Event: 204.157 GC heap before
{Heap before GC invocations=3130 (full 5):
 PSYoungGen      total 3584K, used 3360K [0x0000027354d80000, 0x0000027355200000, 0x00000275ff800000)
  eden space 3072K, 100% used [0x0000027354d80000,0x0000027355080000,0x0000027355080000)
  from space 512K, 56% used [0x0000027355180000,0x00000273551c8000,0x0000027355200000)
  to   space 512K, 0% used [0x0000027355100000,0x0000027355100000,0x0000027355180000)
 ParOldGen       total 804352K, used 803843K [0x0000026dff800000, 0x0000026e30980000, 0x0000027354d80000)
  object space 804352K, 99% used [0x0000026dff800000,0x0000026e30900c50,0x0000026e30980000)
 Metaspace       used 77050K, committed 78656K, reserved 1179648K
  class space    used 7577K, committed 8256K, reserved 1048576K
}
Event: 204.160 GC heap after
{Heap after GC invocations=3130 (full 5):
 PSYoungGen      total 3584K, used 448K [0x0000027354d80000, 0x0000027355200000, 0x00000275ff800000)
  eden space 3072K, 0% used [0x0000027354d80000,0x0000027354d80000,0x0000027355080000)
  from space 512K, 87% used [0x0000027355100000,0x0000027355170000,0x0000027355180000)
  to   space 512K, 0% used [0x0000027355180000,0x0000027355180000,0x0000027355200000)
 ParOldGen       total 804352K, used 803973K [0x0000026dff800000, 0x0000026e30980000, 0x0000027354d80000)
  object space 804352K, 99% used [0x0000026dff800000,0x0000026e309215a0,0x0000026e30980000)
 Metaspace       used 77050K, committed 78656K, reserved 1179648K
  class space    used 7577K, committed 8256K, reserved 1048576K
}
Event: 204.190 GC heap before
{Heap before GC invocations=3131 (full 5):
 PSYoungGen      total 3584K, used 3520K [0x0000027354d80000, 0x0000027355200000, 0x00000275ff800000)
  eden space 3072K, 100% used [0x0000027354d80000,0x0000027355080000,0x0000027355080000)
  from space 512K, 87% used [0x0000027355100000,0x0000027355170000,0x0000027355180000)
  to   space 512K, 0% used [0x0000027355180000,0x0000027355180000,0x0000027355200000)
 ParOldGen       total 804352K, used 803973K [0x0000026dff800000, 0x0000026e30980000, 0x0000027354d80000)
  object space 804352K, 99% used [0x0000026dff800000,0x0000026e309215a0,0x0000026e30980000)
 Metaspace       used 77050K, committed 78656K, reserved 1179648K
  class space    used 7577K, committed 8256K, reserved 1048576K
}
Event: 204.193 GC heap after
{Heap after GC invocations=3131 (full 5):
 PSYoungGen      total 3584K, used 288K [0x0000027354d80000, 0x0000027355200000, 0x00000275ff800000)
  eden space 3072K, 0% used [0x0000027354d80000,0x0000027354d80000,0x0000027355080000)
  from space 512K, 56% used [0x0000027355180000,0x00000273551c8000,0x0000027355200000)
  to   space 512K, 0% used [0x0000027355100000,0x0000027355100000,0x0000027355180000)
 ParOldGen       total 804352K, used 804082K [0x0000026dff800000, 0x0000026e30980000, 0x0000027354d80000)
  object space 804352K, 99% used [0x0000026dff800000,0x0000026e3093ca90,0x0000026e30980000)
 Metaspace       used 77050K, committed 78656K, reserved 1179648K
  class space    used 7577K, committed 8256K, reserved 1048576K
}
Event: 204.225 GC heap before
{Heap before GC invocations=3132 (full 5):
 PSYoungGen      total 3584K, used 3360K [0x0000027354d80000, 0x0000027355200000, 0x00000275ff800000)
  eden space 3072K, 100% used [0x0000027354d80000,0x0000027355080000,0x0000027355080000)
  from space 512K, 56% used [0x0000027355180000,0x00000273551c8000,0x0000027355200000)
  to   space 512K, 0% used [0x0000027355100000,0x0000027355100000,0x0000027355180000)
 ParOldGen       total 804352K, used 804082K [0x0000026dff800000, 0x0000026e30980000, 0x0000027354d80000)
  object space 804352K, 99% used [0x0000026dff800000,0x0000026e3093ca90,0x0000026e30980000)
 Metaspace       used 77050K, committed 78656K, reserved 1179648K
  class space    used 7577K, committed 8256K, reserved 1048576K
}
Event: 204.228 GC heap after
{Heap after GC invocations=3132 (full 5):
 PSYoungGen      total 3584K, used 320K [0x0000027354d80000, 0x0000027355200000, 0x00000275ff800000)
  eden space 3072K, 0% used [0x0000027354d80000,0x0000027354d80000,0x0000027355080000)
  from space 512K, 62% used [0x0000027355100000,0x0000027355150000,0x0000027355180000)
  to   space 512K, 0% used [0x0000027355180000,0x0000027355180000,0x0000027355200000)
 ParOldGen       total 804352K, used 804185K [0x0000026dff800000, 0x0000026e30980000, 0x0000027354d80000)
  object space 804352K, 99% used [0x0000026dff800000,0x0000026e30956468,0x0000026e30980000)
 Metaspace       used 77050K, committed 78656K, reserved 1179648K
  class space    used 7577K, committed 8256K, reserved 1048576K
}
Event: 204.266 GC heap before
{Heap before GC invocations=3133 (full 5):
 PSYoungGen      total 3584K, used 3391K [0x0000027354d80000, 0x0000027355200000, 0x00000275ff800000)
  eden space 3072K, 99% used [0x0000027354d80000,0x000002735507ffe0,0x0000027355080000)
  from space 512K, 62% used [0x0000027355100000,0x0000027355150000,0x0000027355180000)
  to   space 512K, 0% used [0x0000027355180000,0x0000027355180000,0x0000027355200000)
 ParOldGen       total 804352K, used 804185K [0x0000026dff800000, 0x0000026e30980000, 0x0000027354d80000)
  object space 804352K, 99% used [0x0000026dff800000,0x0000026e30956468,0x0000026e30980000)
 Metaspace       used 77050K, committed 78656K, reserved 1179648K
  class space    used 7577K, committed 8256K, reserved 1048576K
}
Event: 204.269 GC heap after
{Heap after GC invocations=3133 (full 5):
 PSYoungGen      total 3584K, used 448K [0x0000027354d80000, 0x0000027355200000, 0x00000275ff800000)
  eden space 3072K, 0% used [0x0000027354d80000,0x0000027354d80000,0x0000027355080000)
  from space 512K, 87% used [0x0000027355180000,0x00000273551f0000,0x0000027355200000)
  to   space 512K, 0% used [0x0000027355100000,0x0000027355100000,0x0000027355180000)
 ParOldGen       total 804352K, used 804326K [0x0000026dff800000, 0x0000026e30980000, 0x0000027354d80000)
  object space 804352K, 99% used [0x0000026dff800000,0x0000026e30979be8,0x0000026e30980000)
 Metaspace       used 77050K, committed 78656K, reserved 1179648K
  class space    used 7577K, committed 8256K, reserved 1048576K
}
Event: 204.302 GC heap before
{Heap before GC invocations=3134 (full 5):
 PSYoungGen      total 3584K, used 3520K [0x0000027354d80000, 0x0000027355200000, 0x00000275ff800000)
  eden space 3072K, 100% used [0x0000027354d80000,0x0000027355080000,0x0000027355080000)
  from space 512K, 87% used [0x0000027355180000,0x00000273551f0000,0x0000027355200000)
  to   space 512K, 0% used [0x0000027355100000,0x0000027355100000,0x0000027355180000)
 ParOldGen       total 804352K, used 804326K [0x0000026dff800000, 0x0000026e30980000, 0x0000027354d80000)
  object space 804352K, 99% used [0x0000026dff800000,0x0000026e30979be8,0x0000026e30980000)
 Metaspace       used 77050K, committed 78656K, reserved 1179648K
  class space    used 7577K, committed 8256K, reserved 1048576K
}
Event: 204.306 GC heap after
{Heap after GC invocations=3134 (full 5):
 PSYoungGen      total 3584K, used 352K [0x0000027354d80000, 0x0000027355200000, 0x00000275ff800000)
  eden space 3072K, 0% used [0x0000027354d80000,0x0000027354d80000,0x0000027355080000)
  from space 512K, 68% used [0x0000027355100000,0x0000027355158000,0x0000027355180000)
  to   space 512K, 0% used [0x0000027355180000,0x0000027355180000,0x0000027355200000)
 ParOldGen       total 804864K, used 804449K [0x0000026dff800000, 0x0000026e30a00000, 0x0000027354d80000)
  object space 804864K, 99% used [0x0000026dff800000,0x0000026e30998720,0x0000026e30a00000)
 Metaspace       used 77050K, committed 78656K, reserved 1179648K
  class space    used 7577K, committed 8256K, reserved 1048576K
}
Event: 204.341 GC heap before
{Heap before GC invocations=3135 (full 5):
 PSYoungGen      total 3584K, used 3424K [0x0000027354d80000, 0x0000027355200000, 0x00000275ff800000)
  eden space 3072K, 100% used [0x0000027354d80000,0x0000027355080000,0x0000027355080000)
  from space 512K, 68% used [0x0000027355100000,0x0000027355158000,0x0000027355180000)
  to   space 512K, 0% used [0x0000027355180000,0x0000027355180000,0x0000027355200000)
 ParOldGen       total 804864K, used 804449K [0x0000026dff800000, 0x0000026e30a00000, 0x0000027354d80000)
  object space 804864K, 99% used [0x0000026dff800000,0x0000026e30998720,0x0000026e30a00000)
 Metaspace       used 77050K, committed 78656K, reserved 1179648K
  class space    used 7577K, committed 8256K, reserved 1048576K
}
Event: 204.346 GC heap after
{Heap after GC invocations=3135 (full 5):
 PSYoungGen      total 3584K, used 432K [0x0000027354d80000, 0x0000027355200000, 0x00000275ff800000)
  eden space 3072K, 0% used [0x0000027354d80000,0x0000027354d80000,0x0000027355080000)
  from space 512K, 84% used [0x0000027355180000,0x00000273551ec010,0x0000027355200000)
  to   space 512K, 0% used [0x0000027355100000,0x0000027355100000,0x0000027355180000)
 ParOldGen       total 804864K, used 804568K [0x0000026dff800000, 0x0000026e30a00000, 0x0000027354d80000)
  object space 804864K, 99% used [0x0000026dff800000,0x0000026e309b63c0,0x0000026e30a00000)
 Metaspace       used 77050K, committed 78656K, reserved 1179648K
  class space    used 7577K, committed 8256K, reserved 1048576K
}
Event: 204.382 GC heap before
{Heap before GC invocations=3136 (full 5):
 PSYoungGen      total 3584K, used 3504K [0x0000027354d80000, 0x0000027355200000, 0x00000275ff800000)
  eden space 3072K, 100% used [0x0000027354d80000,0x0000027355080000,0x0000027355080000)
  from space 512K, 84% used [0x0000027355180000,0x00000273551ec010,0x0000027355200000)
  to   space 512K, 0% used [0x0000027355100000,0x0000027355100000,0x0000027355180000)
 ParOldGen       total 804864K, used 804568K [0x0000026dff800000, 0x0000026e30a00000, 0x0000027354d80000)
  object space 804864K, 99% used [0x0000026dff800000,0x0000026e309b63c0,0x0000026e30a00000)
 Metaspace       used 77050K, committed 78656K, reserved 1179648K
  class space    used 7577K, committed 8256K, reserved 1048576K
}
Event: 204.385 GC heap after
{Heap after GC invocations=3136 (full 5):
 PSYoungGen      total 3584K, used 320K [0x0000027354d80000, 0x0000027355200000, 0x00000275ff800000)
  eden space 3072K, 0% used [0x0000027354d80000,0x0000027354d80000,0x0000027355080000)
  from space 512K, 62% used [0x0000027355100000,0x0000027355150000,0x0000027355180000)
  to   space 512K, 0% used [0x0000027355180000,0x0000027355180000,0x0000027355200000)
 ParOldGen       total 804864K, used 804688K [0x0000026dff800000, 0x0000026e30a00000, 0x0000027354d80000)
  object space 804864K, 99% used [0x0000026dff800000,0x0000026e309d40e8,0x0000026e30a00000)
 Metaspace       used 77050K, committed 78656K, reserved 1179648K
  class space    used 7577K, committed 8256K, reserved 1048576K
}
Event: 204.422 GC heap before
{Heap before GC invocations=3137 (full 5):
 PSYoungGen      total 3584K, used 3392K [0x0000027354d80000, 0x0000027355200000, 0x00000275ff800000)
  eden space 3072K, 100% used [0x0000027354d80000,0x0000027355080000,0x0000027355080000)
  from space 512K, 62% used [0x0000027355100000,0x0000027355150000,0x0000027355180000)
  to   space 512K, 0% used [0x0000027355180000,0x0000027355180000,0x0000027355200000)
 ParOldGen       total 804864K, used 804688K [0x0000026dff800000, 0x0000026e30a00000, 0x0000027354d80000)
  object space 804864K, 99% used [0x0000026dff800000,0x0000026e309d40e8,0x0000026e30a00000)
 Metaspace       used 77050K, committed 78656K, reserved 1179648K
  class space    used 7577K, committed 8256K, reserved 1048576K
}
Event: 204.425 GC heap after
{Heap after GC invocations=3137 (full 5):
 PSYoungGen      total 3584K, used 352K [0x0000027354d80000, 0x0000027355200000, 0x00000275ff800000)
  eden space 3072K, 0% used [0x0000027354d80000,0x0000027354d80000,0x0000027355080000)
  from space 512K, 68% used [0x0000027355180000,0x00000273551d8000,0x0000027355200000)
  to   space 512K, 0% used [0x0000027355100000,0x0000027355100000,0x0000027355180000)
 ParOldGen       total 804864K, used 804818K [0x0000026dff800000, 0x0000026e30a00000, 0x0000027354d80000)
  object space 804864K, 99% used [0x0000026dff800000,0x0000026e309f4b50,0x0000026e30a00000)
 Metaspace       used 77050K, committed 78656K, reserved 1179648K
  class space    used 7577K, committed 8256K, reserved 1048576K
}
Event: 204.462 GC heap before
{Heap before GC invocations=3138 (full 5):
 PSYoungGen      total 3584K, used 3422K [0x0000027354d80000, 0x0000027355200000, 0x00000275ff800000)
  eden space 3072K, 99% used [0x0000027354d80000,0x000002735507f928,0x0000027355080000)
  from space 512K, 68% used [0x0000027355180000,0x00000273551d8000,0x0000027355200000)
  to   space 512K, 0% used [0x0000027355100000,0x0000027355100000,0x0000027355180000)
 ParOldGen       total 804864K, used 804818K [0x0000026dff800000, 0x0000026e30a00000, 0x0000027354d80000)
  object space 804864K, 99% used [0x0000026dff800000,0x0000026e309f4b50,0x0000026e30a00000)
 Metaspace       used 77050K, committed 78656K, reserved 1179648K
  class space    used 7577K, committed 8256K, reserved 1048576K
}
Event: 204.465 GC heap after
{Heap after GC invocations=3138 (full 5):
 PSYoungGen      total 3584K, used 256K [0x0000027354d80000, 0x0000027355200000, 0x00000275ff800000)
  eden space 3072K, 0% used [0x0000027354d80000,0x0000027354d80000,0x0000027355080000)
  from space 512K, 50% used [0x0000027355100000,0x0000027355140000,0x0000027355180000)
  to   space 512K, 0% used [0x0000027355180000,0x0000027355180000,0x0000027355200000)
 ParOldGen       total 805376K, used 804953K [0x0000026dff800000, 0x0000026e30a80000, 0x0000027354d80000)
  object space 805376K, 99% used [0x0000026dff800000,0x0000026e30a165a8,0x0000026e30a80000)
 Metaspace       used 77050K, committed 78656K, reserved 1179648K
  class space    used 7577K, committed 8256K, reserved 1048576K
}

